<?xml version="1.0" encoding="UTF-8"?>
<!-- Generated by org.testng.reporters.JUnitXMLReporter -->
<testsuite hostname="DESKTOP-DIEK1HO" ignored="3" name="Default test" tests="1" failures="0" timestamp="2021-06-15T21:35:03 CEST" time="23.275" errors="0">
  <testcase name="updateAddressTest" time="1.748" classname="tests.MyAddressesTests"/>
  <testcase name="deleteAddressTest" time="0.0" classname="tests.MyAddressesTests">
    <ignored/>
  </testcase> <!-- deleteAddressTest -->
  <testcase name="addNewAddressInvalidData" time="0.0" classname="tests.MyAddressesTests">
    <ignored/>
  </testcase> <!-- addNewAddressInvalidData -->
  <testcase name="addNewAddressValidData" time="0.0" classname="tests.MyAddressesTests">
    <ignored/>
  </testcase> <!-- addNewAddressValidData -->
</testsuite> <!-- Default test -->
