<?xml version="1.0" encoding="UTF-8"?>
<!-- Generated by org.testng.reporters.JUnitXMLReporter -->
<testsuite hostname="DESKTOP-DIEK1HO" ignored="3" name="Default test" tests="1" failures="0" timestamp="2021-06-15T20:33:21 CEST" time="63.964" errors="0">
  <testcase name="deleteWishlist" time="10.277" classname="tests.MyWishlistsTests"/>
  <testcase name="addMultipleNewWishlists" time="0.0" classname="tests.MyWishlistsTests">
    <ignored/>
  </testcase> <!-- addMultipleNewWishlists -->
  <testcase name="addNewWishlistInvalid" time="0.0" classname="tests.MyWishlistsTests">
    <ignored/>
  </testcase> <!-- addNewWishlistInvalid -->
  <testcase name="addNewWishlistValid" time="0.0" classname="tests.MyWishlistsTests">
    <ignored/>
  </testcase> <!-- addNewWishlistValid -->
</testsuite> <!-- Default test -->
